2020-08-17 22:08:07.820  INFO 15704 --- [main] com.wx.xcx.XcxApplication                : Starting XcxApplication on DESKTOP-8NN5IVC with PID 15704 (C:\Users\48738\Desktop\xcx\target\classes started by 48738 in C:\Users\48738\Desktop\xcx)
2020-08-17 22:08:08.082  INFO 15704 --- [main] com.wx.xcx.XcxApplication                : No active profile set, falling back to default profiles: default
2020-08-17 22:08:11.022 ERROR 15704 --- [main] o.a.catalina.core.AprLifecycleListener   : An incompatible version [1.2.8] of the Apache Tomcat Native library is installed, while Tomcat requires version [1.2.14]
2020-08-17 22:08:11.211 ERROR 15704 --- [main] o.a.catalina.core.AprLifecycleListener   : An incompatible version [1.2.8] of the Apache Tomcat Native library is installed, while Tomcat requires version [1.2.14]
2020-08-17 22:08:11.360  INFO 15704 --- [main] o.s.b.w.embedded.tomcat.TomcatWebServer  : Tomcat initialized with port(s): 9797 (http)
2020-08-17 22:08:11.376 ERROR 15704 --- [main] o.a.catalina.core.AprLifecycleListener   : An incompatible version [1.2.8] of the Apache Tomcat Native library is installed, while Tomcat requires version [1.2.14]
2020-08-17 22:08:11.377  INFO 15704 --- [main] o.apache.catalina.core.StandardService   : Starting service [Tomcat]
2020-08-17 22:08:11.379  INFO 15704 --- [main] org.apache.catalina.core.StandardEngine  : Starting Servlet engine: [Apache Tomcat/9.0.35]
2020-08-17 22:08:11.528  INFO 15704 --- [main] o.a.c.c.C.[Tomcat].[localhost].[/]       : Initializing Spring embedded WebApplicationContext
2020-08-17 22:08:11.529  INFO 15704 --- [main] o.s.web.context.ContextLoader            : Root WebApplicationContext: initialization completed in 3270 ms
2020-08-17 22:08:13.429  INFO 15704 --- [main] pertySourcedRequestMappingHandlerMapping : Mapped URL path [/v2/api-docs] onto method [springfox.documentation.swagger2.web.Swagger2Controller#getDocumentation(String, HttpServletRequest)]
2020-08-17 22:08:13.524  INFO 15704 --- [main] o.s.s.concurrent.ThreadPoolTaskExecutor  : Initializing ExecutorService 'applicationTaskExecutor'
2020-08-17 22:08:13.774  INFO 15704 --- [main] o.s.b.w.embedded.tomcat.TomcatWebServer  : Tomcat started on port(s): 9797 (http) with context path ''
2020-08-17 22:08:13.775  INFO 15704 --- [main] d.s.w.p.DocumentationPluginsBootstrapper : Context refreshed
2020-08-17 22:08:13.797  INFO 15704 --- [main] d.s.w.p.DocumentationPluginsBootstrapper : Found 1 custom documentation plugin(s)
2020-08-17 22:08:13.855  INFO 15704 --- [main] s.d.s.w.s.ApiListingReferenceScanner     : Scanning for api listing references
2020-08-17 22:08:14.166  INFO 15704 --- [main] .d.s.w.r.o.CachingOperationNameGenerator : Generating unique operation named: testUsingPOST_1
2020-08-17 22:08:14.219  INFO 15704 --- [main] com.wx.xcx.XcxApplication                : Started XcxApplication in 7.603 seconds (JVM running for 10.162)
2020-08-17 22:08:14.222  INFO 15704 --- [main] com.wx.xcx.XcxApplication                : 项目加载完毕
2020-08-17 22:08:39.570  INFO 15704 --- [http-nio-9797-exec-1] o.a.c.c.C.[Tomcat].[localhost].[/]       : Initializing Spring DispatcherServlet 'dispatcherServlet'
2020-08-17 22:08:39.571  INFO 15704 --- [http-nio-9797-exec-1] o.s.web.servlet.DispatcherServlet        : Initializing Servlet 'dispatcherServlet'
2020-08-17 22:08:39.584  INFO 15704 --- [http-nio-9797-exec-1] o.s.web.servlet.DispatcherServlet        : Completed initialization in 12 ms
2020-08-17 22:08:47.480  INFO 15704 --- [http-nio-9797-exec-2] com.zaxxer.hikari.HikariDataSource       : DateSourceHikariCP - Starting...
2020-08-17 22:08:47.699  INFO 15704 --- [http-nio-9797-exec-2] com.zaxxer.hikari.HikariDataSource       : DateSourceHikariCP - Start completed.
2020-08-17 22:08:47.711 DEBUG 15704 --- [http-nio-9797-exec-2] c.w.x.m.HouseTypeMapper.houseTypeList    : ==>  Preparing: select * from house_type 
2020-08-17 22:08:47.780 DEBUG 15704 --- [http-nio-9797-exec-2] c.w.x.m.HouseTypeMapper.houseTypeList    : ==> Parameters: 
2020-08-17 22:08:47.818 DEBUG 15704 --- [http-nio-9797-exec-2] c.w.x.m.HouseTypeMapper.houseTypeList    : <==      Total: 2
2020-08-17 22:09:30.988  INFO 15728 --- [main] com.wx.xcx.XcxApplication                : Starting XcxApplication on DESKTOP-8NN5IVC with PID 15728 (C:\Users\48738\Desktop\xcx\target\classes started by 48738 in C:\Users\48738\Desktop\xcx)
2020-08-17 22:09:30.997  INFO 15728 --- [main] com.wx.xcx.XcxApplication                : No active profile set, falling back to default profiles: default
2020-08-17 22:09:33.131 ERROR 15728 --- [main] o.a.catalina.core.AprLifecycleListener   : An incompatible version [1.2.8] of the Apache Tomcat Native library is installed, while Tomcat requires version [1.2.14]
2020-08-17 22:09:33.298 ERROR 15728 --- [main] o.a.catalina.core.AprLifecycleListener   : An incompatible version [1.2.8] of the Apache Tomcat Native library is installed, while Tomcat requires version [1.2.14]
2020-08-17 22:09:33.405  INFO 15728 --- [main] o.s.b.w.embedded.tomcat.TomcatWebServer  : Tomcat initialized with port(s): 9797 (http)
2020-08-17 22:09:33.416 ERROR 15728 --- [main] o.a.catalina.core.AprLifecycleListener   : An incompatible version [1.2.8] of the Apache Tomcat Native library is installed, while Tomcat requires version [1.2.14]
2020-08-17 22:09:33.417  INFO 15728 --- [main] o.apache.catalina.core.StandardService   : Starting service [Tomcat]
2020-08-17 22:09:33.418  INFO 15728 --- [main] org.apache.catalina.core.StandardEngine  : Starting Servlet engine: [Apache Tomcat/9.0.35]
2020-08-17 22:09:33.540  INFO 15728 --- [main] o.a.c.c.C.[Tomcat].[localhost].[/]       : Initializing Spring embedded WebApplicationContext
2020-08-17 22:09:33.541  INFO 15728 --- [main] o.s.web.context.ContextLoader            : Root WebApplicationContext: initialization completed in 2362 ms
2020-08-17 22:09:35.344  INFO 15728 --- [main] pertySourcedRequestMappingHandlerMapping : Mapped URL path [/v2/api-docs] onto method [springfox.documentation.swagger2.web.Swagger2Controller#getDocumentation(String, HttpServletRequest)]
2020-08-17 22:09:35.451  INFO 15728 --- [main] o.s.s.concurrent.ThreadPoolTaskExecutor  : Initializing ExecutorService 'applicationTaskExecutor'
2020-08-17 22:09:35.678  INFO 15728 --- [main] o.s.b.w.embedded.tomcat.TomcatWebServer  : Tomcat started on port(s): 9797 (http) with context path ''
2020-08-17 22:09:35.679  INFO 15728 --- [main] d.s.w.p.DocumentationPluginsBootstrapper : Context refreshed
2020-08-17 22:09:35.699  INFO 15728 --- [main] d.s.w.p.DocumentationPluginsBootstrapper : Found 1 custom documentation plugin(s)
2020-08-17 22:09:35.744  INFO 15728 --- [main] s.d.s.w.s.ApiListingReferenceScanner     : Scanning for api listing references
2020-08-17 22:09:36.021  INFO 15728 --- [main] .d.s.w.r.o.CachingOperationNameGenerator : Generating unique operation named: testUsingPOST_1
2020-08-17 22:09:36.060  INFO 15728 --- [main] com.wx.xcx.XcxApplication                : Started XcxApplication in 6.164 seconds (JVM running for 8.021)
2020-08-17 22:09:36.063  INFO 15728 --- [main] com.wx.xcx.XcxApplication                : 项目加载完毕
2020-08-17 22:09:55.551  INFO 15728 --- [http-nio-9797-exec-1] o.a.c.c.C.[Tomcat].[localhost].[/]       : Initializing Spring DispatcherServlet 'dispatcherServlet'
2020-08-17 22:09:55.551  INFO 15728 --- [http-nio-9797-exec-1] o.s.web.servlet.DispatcherServlet        : Initializing Servlet 'dispatcherServlet'
2020-08-17 22:09:55.564  INFO 15728 --- [http-nio-9797-exec-1] o.s.web.servlet.DispatcherServlet        : Completed initialization in 12 ms
2020-08-17 22:09:55.613  INFO 15728 --- [http-nio-9797-exec-1] com.zaxxer.hikari.HikariDataSource       : DateSourceHikariCP - Starting...
2020-08-17 22:09:55.817  INFO 15728 --- [http-nio-9797-exec-1] com.zaxxer.hikari.HikariDataSource       : DateSourceHikariCP - Start completed.
2020-08-17 22:09:55.827 DEBUG 15728 --- [http-nio-9797-exec-1] c.w.x.m.HouseTypeMapper.houseTypeList    : ==>  Preparing: select * from house_type 
2020-08-17 22:09:55.860 DEBUG 15728 --- [http-nio-9797-exec-1] c.w.x.m.HouseTypeMapper.houseTypeList    : ==> Parameters: 
2020-08-17 22:09:55.885 DEBUG 15728 --- [http-nio-9797-exec-1] c.w.x.m.HouseTypeMapper.houseTypeList    : <==      Total: 2
2020-08-17 22:10:50.527 DEBUG 15728 --- [http-nio-9797-exec-2] c.w.x.m.SecondHandHouseMapper.houseList  : ==>  Preparing: select h.h_id, h.h_address, h.h_phone,h.h_type, h.h_people, h.h_content, h.h_time, h.h_img, h.h_status, h.h_money,t.hou_id,t.hop_value from second_hand_house h left join house_type t on h.h_id = t.hou_id and h.h_type=? 
2020-08-17 22:10:50.528 DEBUG 15728 --- [http-nio-9797-exec-2] c.w.x.m.SecondHandHouseMapper.houseList  : ==> Parameters: 1(Integer)
2020-08-17 22:10:50.542 DEBUG 15728 --- [http-nio-9797-exec-2] c.w.x.m.SecondHandHouseMapper.houseList  : <==      Total: 2
2020-08-17 22:11:03.951 DEBUG 15728 --- [http-nio-9797-exec-3] c.w.x.m.SecondHandHouseMapper.houseList  : ==>  Preparing: select h.h_id, h.h_address, h.h_phone,h.h_type, h.h_people, h.h_content, h.h_time, h.h_img, h.h_status, h.h_money,t.hou_id,t.hop_value from second_hand_house h left join house_type t on h.h_id = t.hou_id and h.h_type=? 
2020-08-17 22:11:03.953 DEBUG 15728 --- [http-nio-9797-exec-3] c.w.x.m.SecondHandHouseMapper.houseList  : ==> Parameters: 2(Integer)
2020-08-17 22:11:03.958 DEBUG 15728 --- [http-nio-9797-exec-3] c.w.x.m.SecondHandHouseMapper.houseList  : <==      Total: 2
2020-08-17 22:11:49.239  INFO 17032 --- [main] com.wx.xcx.XcxApplication                : Starting XcxApplication on DESKTOP-8NN5IVC with PID 17032 (C:\Users\48738\Desktop\xcx\target\classes started by 48738 in C:\Users\48738\Desktop\xcx)
2020-08-17 22:11:49.241  INFO 17032 --- [main] com.wx.xcx.XcxApplication                : No active profile set, falling back to default profiles: default
2020-08-17 22:11:51.120 ERROR 17032 --- [main] o.a.catalina.core.AprLifecycleListener   : An incompatible version [1.2.8] of the Apache Tomcat Native library is installed, while Tomcat requires version [1.2.14]
2020-08-17 22:11:51.279 ERROR 17032 --- [main] o.a.catalina.core.AprLifecycleListener   : An incompatible version [1.2.8] of the Apache Tomcat Native library is installed, while Tomcat requires version [1.2.14]
2020-08-17 22:11:51.385  INFO 17032 --- [main] o.s.b.w.embedded.tomcat.TomcatWebServer  : Tomcat initialized with port(s): 9797 (http)
2020-08-17 22:11:51.396 ERROR 17032 --- [main] o.a.catalina.core.AprLifecycleListener   : An incompatible version [1.2.8] of the Apache Tomcat Native library is installed, while Tomcat requires version [1.2.14]
2020-08-17 22:11:51.397  INFO 17032 --- [main] o.apache.catalina.core.StandardService   : Starting service [Tomcat]
2020-08-17 22:11:51.398  INFO 17032 --- [main] org.apache.catalina.core.StandardEngine  : Starting Servlet engine: [Apache Tomcat/9.0.35]
2020-08-17 22:11:51.513  INFO 17032 --- [main] o.a.c.c.C.[Tomcat].[localhost].[/]       : Initializing Spring embedded WebApplicationContext
2020-08-17 22:11:51.514  INFO 17032 --- [main] o.s.web.context.ContextLoader            : Root WebApplicationContext: initialization completed in 2150 ms
2020-08-17 22:11:53.175  INFO 17032 --- [main] pertySourcedRequestMappingHandlerMapping : Mapped URL path [/v2/api-docs] onto method [springfox.documentation.swagger2.web.Swagger2Controller#getDocumentation(String, HttpServletRequest)]
2020-08-17 22:11:53.266  INFO 17032 --- [main] o.s.s.concurrent.ThreadPoolTaskExecutor  : Initializing ExecutorService 'applicationTaskExecutor'
2020-08-17 22:11:53.483  INFO 17032 --- [main] o.s.b.w.embedded.tomcat.TomcatWebServer  : Tomcat started on port(s): 9797 (http) with context path ''
2020-08-17 22:11:53.485  INFO 17032 --- [main] d.s.w.p.DocumentationPluginsBootstrapper : Context refreshed
2020-08-17 22:11:53.504  INFO 17032 --- [main] d.s.w.p.DocumentationPluginsBootstrapper : Found 1 custom documentation plugin(s)
2020-08-17 22:11:53.549  INFO 17032 --- [main] s.d.s.w.s.ApiListingReferenceScanner     : Scanning for api listing references
2020-08-17 22:11:53.811  INFO 17032 --- [main] .d.s.w.r.o.CachingOperationNameGenerator : Generating unique operation named: testUsingPOST_1
2020-08-17 22:11:53.852  INFO 17032 --- [main] com.wx.xcx.XcxApplication                : Started XcxApplication in 5.7 seconds (JVM running for 7.355)
2020-08-17 22:11:53.855  INFO 17032 --- [main] com.wx.xcx.XcxApplication                : 项目加载完毕
2020-08-17 22:12:11.796  INFO 13876 --- [main] com.wx.xcx.XcxApplication                : Starting XcxApplication on DESKTOP-8NN5IVC with PID 13876 (C:\Users\48738\Desktop\xcx\target\classes started by 48738 in C:\Users\48738\Desktop\xcx)
2020-08-17 22:12:11.799  INFO 13876 --- [main] com.wx.xcx.XcxApplication                : No active profile set, falling back to default profiles: default
2020-08-17 22:12:13.887 ERROR 13876 --- [main] o.a.catalina.core.AprLifecycleListener   : An incompatible version [1.2.8] of the Apache Tomcat Native library is installed, while Tomcat requires version [1.2.14]
2020-08-17 22:12:14.057 ERROR 13876 --- [main] o.a.catalina.core.AprLifecycleListener   : An incompatible version [1.2.8] of the Apache Tomcat Native library is installed, while Tomcat requires version [1.2.14]
2020-08-17 22:12:14.163  INFO 13876 --- [main] o.s.b.w.embedded.tomcat.TomcatWebServer  : Tomcat initialized with port(s): 9797 (http)
2020-08-17 22:12:14.177 ERROR 13876 --- [main] o.a.catalina.core.AprLifecycleListener   : An incompatible version [1.2.8] of the Apache Tomcat Native library is installed, while Tomcat requires version [1.2.14]
2020-08-17 22:12:14.179  INFO 13876 --- [main] o.apache.catalina.core.StandardService   : Starting service [Tomcat]
2020-08-17 22:12:14.179  INFO 13876 --- [main] org.apache.catalina.core.StandardEngine  : Starting Servlet engine: [Apache Tomcat/9.0.35]
2020-08-17 22:12:14.300  INFO 13876 --- [main] o.a.c.c.C.[Tomcat].[localhost].[/]       : Initializing Spring embedded WebApplicationContext
2020-08-17 22:12:14.300  INFO 13876 --- [main] o.s.web.context.ContextLoader            : Root WebApplicationContext: initialization completed in 2352 ms
2020-08-17 22:12:16.061  INFO 13876 --- [main] pertySourcedRequestMappingHandlerMapping : Mapped URL path [/v2/api-docs] onto method [springfox.documentation.swagger2.web.Swagger2Controller#getDocumentation(String, HttpServletRequest)]
2020-08-17 22:12:16.153  INFO 13876 --- [main] o.s.s.concurrent.ThreadPoolTaskExecutor  : Initializing ExecutorService 'applicationTaskExecutor'
2020-08-17 22:12:16.392  INFO 13876 --- [main] o.s.b.w.embedded.tomcat.TomcatWebServer  : Tomcat started on port(s): 9797 (http) with context path ''
2020-08-17 22:12:16.394  INFO 13876 --- [main] d.s.w.p.DocumentationPluginsBootstrapper : Context refreshed
2020-08-17 22:12:16.415  INFO 13876 --- [main] d.s.w.p.DocumentationPluginsBootstrapper : Found 1 custom documentation plugin(s)
2020-08-17 22:12:16.470  INFO 13876 --- [main] s.d.s.w.s.ApiListingReferenceScanner     : Scanning for api listing references
2020-08-17 22:12:16.796  INFO 13876 --- [main] .d.s.w.r.o.CachingOperationNameGenerator : Generating unique operation named: testUsingPOST_1
2020-08-17 22:12:16.843  INFO 13876 --- [main] com.wx.xcx.XcxApplication                : Started XcxApplication in 6.201 seconds (JVM running for 8.106)
2020-08-17 22:12:16.846  INFO 13876 --- [main] com.wx.xcx.XcxApplication                : 项目加载完毕
2020-08-17 22:12:24.022  INFO 13876 --- [http-nio-9797-exec-1] o.a.c.c.C.[Tomcat].[localhost].[/]       : Initializing Spring DispatcherServlet 'dispatcherServlet'
2020-08-17 22:12:24.023  INFO 13876 --- [http-nio-9797-exec-1] o.s.web.servlet.DispatcherServlet        : Initializing Servlet 'dispatcherServlet'
2020-08-17 22:12:24.037  INFO 13876 --- [http-nio-9797-exec-1] o.s.web.servlet.DispatcherServlet        : Completed initialization in 14 ms
2020-08-17 22:12:24.126  INFO 13876 --- [http-nio-9797-exec-1] com.zaxxer.hikari.HikariDataSource       : DateSourceHikariCP - Starting...
2020-08-17 22:12:24.333  INFO 13876 --- [http-nio-9797-exec-1] com.zaxxer.hikari.HikariDataSource       : DateSourceHikariCP - Start completed.
2020-08-17 22:12:24.344 DEBUG 13876 --- [http-nio-9797-exec-1] c.w.x.m.SecondHandHouseMapper.houseList  : ==>  Preparing: select h.h_id, h.h_address, h.h_phone,h.h_type, h.h_people, h.h_content, h.h_time, h.h_img, h.h_status, h.h_money,t.hou_id,t.hop_value from second_hand_house h left join house_type t on h.h_type = t.hou_id and h.h_type=? 
2020-08-17 22:12:24.377 DEBUG 13876 --- [http-nio-9797-exec-1] c.w.x.m.SecondHandHouseMapper.houseList  : ==> Parameters: 2(Integer)
2020-08-17 22:12:24.411 DEBUG 13876 --- [http-nio-9797-exec-1] c.w.x.m.SecondHandHouseMapper.houseList  : <==      Total: 2
2020-08-17 22:12:41.739 DEBUG 13876 --- [http-nio-9797-exec-2] c.w.x.m.SecondHandHouseMapper.houseList  : ==>  Preparing: select h.h_id, h.h_address, h.h_phone,h.h_type, h.h_people, h.h_content, h.h_time, h.h_img, h.h_status, h.h_money,t.hou_id,t.hop_value from second_hand_house h left join house_type t on h.h_type = t.hou_id and h.h_type=? 
2020-08-17 22:12:41.741 DEBUG 13876 --- [http-nio-9797-exec-2] c.w.x.m.SecondHandHouseMapper.houseList  : ==> Parameters: 1(Integer)
2020-08-17 22:12:41.746 DEBUG 13876 --- [http-nio-9797-exec-2] c.w.x.m.SecondHandHouseMapper.houseList  : <==      Total: 2
2020-08-17 22:16:47.545  INFO 13732 --- [main] com.wx.xcx.XcxApplication                : Starting XcxApplication on DESKTOP-8NN5IVC with PID 13732 (C:\Users\48738\Desktop\xcx\target\classes started by 48738 in C:\Users\48738\Desktop\xcx)
2020-08-17 22:16:47.548  INFO 13732 --- [main] com.wx.xcx.XcxApplication                : No active profile set, falling back to default profiles: default
2020-08-17 22:16:49.577 ERROR 13732 --- [main] o.a.catalina.core.AprLifecycleListener   : An incompatible version [1.2.8] of the Apache Tomcat Native library is installed, while Tomcat requires version [1.2.14]
2020-08-17 22:16:49.743 ERROR 13732 --- [main] o.a.catalina.core.AprLifecycleListener   : An incompatible version [1.2.8] of the Apache Tomcat Native library is installed, while Tomcat requires version [1.2.14]
2020-08-17 22:16:49.855  INFO 13732 --- [main] o.s.b.w.embedded.tomcat.TomcatWebServer  : Tomcat initialized with port(s): 9797 (http)
2020-08-17 22:16:49.867 ERROR 13732 --- [main] o.a.catalina.core.AprLifecycleListener   : An incompatible version [1.2.8] of the Apache Tomcat Native library is installed, while Tomcat requires version [1.2.14]
2020-08-17 22:16:49.868  INFO 13732 --- [main] o.apache.catalina.core.StandardService   : Starting service [Tomcat]
2020-08-17 22:16:49.869  INFO 13732 --- [main] org.apache.catalina.core.StandardEngine  : Starting Servlet engine: [Apache Tomcat/9.0.35]
2020-08-17 22:16:50.009  INFO 13732 --- [main] o.a.c.c.C.[Tomcat].[localhost].[/]       : Initializing Spring embedded WebApplicationContext
2020-08-17 22:16:50.010  INFO 13732 --- [main] o.s.web.context.ContextLoader            : Root WebApplicationContext: initialization completed in 2283 ms
2020-08-17 22:16:51.643  INFO 13732 --- [main] pertySourcedRequestMappingHandlerMapping : Mapped URL path [/v2/api-docs] onto method [springfox.documentation.swagger2.web.Swagger2Controller#getDocumentation(String, HttpServletRequest)]
2020-08-17 22:16:51.734  INFO 13732 --- [main] o.s.s.concurrent.ThreadPoolTaskExecutor  : Initializing ExecutorService 'applicationTaskExecutor'
2020-08-17 22:16:51.960  INFO 13732 --- [main] o.s.b.w.embedded.tomcat.TomcatWebServer  : Tomcat started on port(s): 9797 (http) with context path ''
2020-08-17 22:16:51.962  INFO 13732 --- [main] d.s.w.p.DocumentationPluginsBootstrapper : Context refreshed
2020-08-17 22:16:51.980  INFO 13732 --- [main] d.s.w.p.DocumentationPluginsBootstrapper : Found 1 custom documentation plugin(s)
2020-08-17 22:16:52.031  INFO 13732 --- [main] s.d.s.w.s.ApiListingReferenceScanner     : Scanning for api listing references
2020-08-17 22:16:52.286  INFO 13732 --- [main] .d.s.w.r.o.CachingOperationNameGenerator : Generating unique operation named: testUsingPOST_1
2020-08-17 22:16:52.329  INFO 13732 --- [main] com.wx.xcx.XcxApplication                : Started XcxApplication in 5.699 seconds (JVM running for 7.475)
2020-08-17 22:16:52.333  INFO 13732 --- [main] com.wx.xcx.XcxApplication                : 项目加载完毕
2020-08-17 22:17:01.663  INFO 13732 --- [http-nio-9797-exec-1] o.a.c.c.C.[Tomcat].[localhost].[/]       : Initializing Spring DispatcherServlet 'dispatcherServlet'
2020-08-17 22:17:01.663  INFO 13732 --- [http-nio-9797-exec-1] o.s.web.servlet.DispatcherServlet        : Initializing Servlet 'dispatcherServlet'
2020-08-17 22:17:01.675  INFO 13732 --- [http-nio-9797-exec-1] o.s.web.servlet.DispatcherServlet        : Completed initialization in 12 ms
2020-08-17 22:17:01.759  INFO 13732 --- [http-nio-9797-exec-1] com.zaxxer.hikari.HikariDataSource       : DateSourceHikariCP - Starting...
2020-08-17 22:17:01.948  INFO 13732 --- [http-nio-9797-exec-1] com.zaxxer.hikari.HikariDataSource       : DateSourceHikariCP - Start completed.
2020-08-17 22:17:01.964 DEBUG 13732 --- [http-nio-9797-exec-1] c.w.x.m.SecondHandHouseMapper.houseList  : ==>  Preparing: select h.h_id, h.h_address, h.h_phone,h.h_type, h.h_people, h.h_content, h.h_time, h.h_img, h.h_status, h.h_money,t.hou_id,t.hop_value from second_hand_house h left join house_type t on h.h_type = t.hou_id 
2020-08-17 22:17:01.998 DEBUG 13732 --- [http-nio-9797-exec-1] c.w.x.m.SecondHandHouseMapper.houseList  : ==> Parameters: 
2020-08-17 22:17:02.033 DEBUG 13732 --- [http-nio-9797-exec-1] c.w.x.m.SecondHandHouseMapper.houseList  : <==      Total: 2
2020-08-17 22:19:59.557  INFO 2328 --- [main] com.wx.xcx.XcxApplication                : Starting XcxApplication on DESKTOP-8NN5IVC with PID 2328 (C:\Users\48738\Desktop\xcx\target\classes started by 48738 in C:\Users\48738\Desktop\xcx)
2020-08-17 22:19:59.561  INFO 2328 --- [main] com.wx.xcx.XcxApplication                : No active profile set, falling back to default profiles: default
2020-08-17 22:20:01.423 ERROR 2328 --- [main] o.a.catalina.core.AprLifecycleListener   : An incompatible version [1.2.8] of the Apache Tomcat Native library is installed, while Tomcat requires version [1.2.14]
2020-08-17 22:20:01.583 ERROR 2328 --- [main] o.a.catalina.core.AprLifecycleListener   : An incompatible version [1.2.8] of the Apache Tomcat Native library is installed, while Tomcat requires version [1.2.14]
2020-08-17 22:20:01.682  INFO 2328 --- [main] o.s.b.w.embedded.tomcat.TomcatWebServer  : Tomcat initialized with port(s): 9797 (http)
2020-08-17 22:20:01.696 ERROR 2328 --- [main] o.a.catalina.core.AprLifecycleListener   : An incompatible version [1.2.8] of the Apache Tomcat Native library is installed, while Tomcat requires version [1.2.14]
2020-08-17 22:20:01.697  INFO 2328 --- [main] o.apache.catalina.core.StandardService   : Starting service [Tomcat]
2020-08-17 22:20:01.698  INFO 2328 --- [main] org.apache.catalina.core.StandardEngine  : Starting Servlet engine: [Apache Tomcat/9.0.35]
2020-08-17 22:20:01.806  INFO 2328 --- [main] o.a.c.c.C.[Tomcat].[localhost].[/]       : Initializing Spring embedded WebApplicationContext
2020-08-17 22:20:01.807  INFO 2328 --- [main] o.s.web.context.ContextLoader            : Root WebApplicationContext: initialization completed in 2115 ms
2020-08-17 22:20:03.460  INFO 2328 --- [main] pertySourcedRequestMappingHandlerMapping : Mapped URL path [/v2/api-docs] onto method [springfox.documentation.swagger2.web.Swagger2Controller#getDocumentation(String, HttpServletRequest)]
2020-08-17 22:20:03.555  INFO 2328 --- [main] o.s.s.concurrent.ThreadPoolTaskExecutor  : Initializing ExecutorService 'applicationTaskExecutor'
2020-08-17 22:20:03.777  INFO 2328 --- [main] o.s.b.w.embedded.tomcat.TomcatWebServer  : Tomcat started on port(s): 9797 (http) with context path ''
2020-08-17 22:20:03.778  INFO 2328 --- [main] d.s.w.p.DocumentationPluginsBootstrapper : Context refreshed
2020-08-17 22:20:03.796  INFO 2328 --- [main] d.s.w.p.DocumentationPluginsBootstrapper : Found 1 custom documentation plugin(s)
2020-08-17 22:20:03.842  INFO 2328 --- [main] s.d.s.w.s.ApiListingReferenceScanner     : Scanning for api listing references
2020-08-17 22:20:04.100  INFO 2328 --- [main] .d.s.w.r.o.CachingOperationNameGenerator : Generating unique operation named: testUsingPOST_1
2020-08-17 22:20:04.139  INFO 2328 --- [main] com.wx.xcx.XcxApplication                : Started XcxApplication in 5.524 seconds (JVM running for 7.351)
2020-08-17 22:20:04.142  INFO 2328 --- [main] com.wx.xcx.XcxApplication                : 项目加载完毕
2020-08-17 22:20:09.626  INFO 2328 --- [http-nio-9797-exec-1] o.a.c.c.C.[Tomcat].[localhost].[/]       : Initializing Spring DispatcherServlet 'dispatcherServlet'
2020-08-17 22:20:09.627  INFO 2328 --- [http-nio-9797-exec-1] o.s.web.servlet.DispatcherServlet        : Initializing Servlet 'dispatcherServlet'
2020-08-17 22:20:09.640  INFO 2328 --- [http-nio-9797-exec-1] o.s.web.servlet.DispatcherServlet        : Completed initialization in 13 ms
2020-08-17 22:20:09.720  INFO 2328 --- [http-nio-9797-exec-1] com.zaxxer.hikari.HikariDataSource       : DateSourceHikariCP - Starting...
2020-08-17 22:20:09.898  INFO 2328 --- [http-nio-9797-exec-1] com.zaxxer.hikari.HikariDataSource       : DateSourceHikariCP - Start completed.
2020-08-17 22:20:09.908 DEBUG 2328 --- [http-nio-9797-exec-1] c.w.x.m.SecondHandHouseMapper.houseList  : ==>  Preparing: select h.h_id, h.h_address, h.h_phone,h.h_type, h.h_people, h.h_content, h.h_time, h.h_img, h.h_status, h.h_money,t.hou_id,t.hop_value from second_hand_house h left join house_type t on h.h_type = t.hou_id 
2020-08-17 22:20:09.945 DEBUG 2328 --- [http-nio-9797-exec-1] c.w.x.m.SecondHandHouseMapper.houseList  : ==> Parameters: 
2020-08-17 22:20:09.977 DEBUG 2328 --- [http-nio-9797-exec-1] c.w.x.m.SecondHandHouseMapper.houseList  : <==      Total: 2
2020-08-17 22:22:48.757  INFO 8816 --- [main] com.wx.xcx.XcxApplication                : Starting XcxApplication on DESKTOP-8NN5IVC with PID 8816 (C:\Users\48738\Desktop\xcx\target\classes started by 48738 in C:\Users\48738\Desktop\xcx)
2020-08-17 22:22:48.761  INFO 8816 --- [main] com.wx.xcx.XcxApplication                : No active profile set, falling back to default profiles: default
2020-08-17 22:22:50.681 ERROR 8816 --- [main] o.a.catalina.core.AprLifecycleListener   : An incompatible version [1.2.8] of the Apache Tomcat Native library is installed, while Tomcat requires version [1.2.14]
2020-08-17 22:22:50.845 ERROR 8816 --- [main] o.a.catalina.core.AprLifecycleListener   : An incompatible version [1.2.8] of the Apache Tomcat Native library is installed, while Tomcat requires version [1.2.14]
2020-08-17 22:22:50.937  INFO 8816 --- [main] o.s.b.w.embedded.tomcat.TomcatWebServer  : Tomcat initialized with port(s): 9797 (http)
2020-08-17 22:22:50.952 ERROR 8816 --- [main] o.a.catalina.core.AprLifecycleListener   : An incompatible version [1.2.8] of the Apache Tomcat Native library is installed, while Tomcat requires version [1.2.14]
2020-08-17 22:22:50.953  INFO 8816 --- [main] o.apache.catalina.core.StandardService   : Starting service [Tomcat]
2020-08-17 22:22:50.954  INFO 8816 --- [main] org.apache.catalina.core.StandardEngine  : Starting Servlet engine: [Apache Tomcat/9.0.35]
2020-08-17 22:22:51.070  INFO 8816 --- [main] o.a.c.c.C.[Tomcat].[localhost].[/]       : Initializing Spring embedded WebApplicationContext
2020-08-17 22:22:51.070  INFO 8816 --- [main] o.s.web.context.ContextLoader            : Root WebApplicationContext: initialization completed in 2153 ms
2020-08-17 22:22:52.723  INFO 8816 --- [main] pertySourcedRequestMappingHandlerMapping : Mapped URL path [/v2/api-docs] onto method [springfox.documentation.swagger2.web.Swagger2Controller#getDocumentation(String, HttpServletRequest)]
2020-08-17 22:22:52.817  INFO 8816 --- [main] o.s.s.concurrent.ThreadPoolTaskExecutor  : Initializing ExecutorService 'applicationTaskExecutor'
2020-08-17 22:22:53.034  INFO 8816 --- [main] o.s.b.w.embedded.tomcat.TomcatWebServer  : Tomcat started on port(s): 9797 (http) with context path ''
2020-08-17 22:22:53.036  INFO 8816 --- [main] d.s.w.p.DocumentationPluginsBootstrapper : Context refreshed
2020-08-17 22:22:53.055  INFO 8816 --- [main] d.s.w.p.DocumentationPluginsBootstrapper : Found 1 custom documentation plugin(s)
2020-08-17 22:22:53.101  INFO 8816 --- [main] s.d.s.w.s.ApiListingReferenceScanner     : Scanning for api listing references
2020-08-17 22:22:53.370  INFO 8816 --- [main] .d.s.w.r.o.CachingOperationNameGenerator : Generating unique operation named: testUsingPOST_1
2020-08-17 22:22:53.408  INFO 8816 --- [main] com.wx.xcx.XcxApplication                : Started XcxApplication in 5.566 seconds (JVM running for 7.19)
2020-08-17 22:22:53.411  INFO 8816 --- [main] com.wx.xcx.XcxApplication                : 项目加载完毕
2020-08-17 22:23:13.588  INFO 8816 --- [http-nio-9797-exec-2] o.a.c.c.C.[Tomcat].[localhost].[/]       : Initializing Spring DispatcherServlet 'dispatcherServlet'
2020-08-17 22:23:13.589  INFO 8816 --- [http-nio-9797-exec-2] o.s.web.servlet.DispatcherServlet        : Initializing Servlet 'dispatcherServlet'
2020-08-17 22:23:13.601  INFO 8816 --- [http-nio-9797-exec-2] o.s.web.servlet.DispatcherServlet        : Completed initialization in 12 ms
2020-08-17 22:23:13.690  INFO 8816 --- [http-nio-9797-exec-2] com.zaxxer.hikari.HikariDataSource       : DateSourceHikariCP - Starting...
2020-08-17 22:23:13.868  INFO 8816 --- [http-nio-9797-exec-2] com.zaxxer.hikari.HikariDataSource       : DateSourceHikariCP - Start completed.
2020-08-17 22:23:13.879 DEBUG 8816 --- [http-nio-9797-exec-2] c.w.x.m.SecondHandHouseMapper.houseList  : ==>  Preparing: select h.h_id, h.h_address, h.h_phone,h.h_type, h.h_people, h.h_content, h.h_time, h.h_img, h.h_status, h.h_money,t.hou_id,t.hop_value from second_hand_house h left join house_type t on h.h_type = t.hou_id 
2020-08-17 22:23:13.914 DEBUG 8816 --- [http-nio-9797-exec-2] c.w.x.m.SecondHandHouseMapper.houseList  : ==> Parameters: 
2020-08-17 22:23:13.951 DEBUG 8816 --- [http-nio-9797-exec-2] c.w.x.m.SecondHandHouseMapper.houseList  : <==      Total: 2
2020-08-17 22:23:45.402  INFO 15164 --- [main] com.wx.xcx.XcxApplication                : Starting XcxApplication on DESKTOP-8NN5IVC with PID 15164 (C:\Users\48738\Desktop\xcx\target\classes started by 48738 in C:\Users\48738\Desktop\xcx)
2020-08-17 22:23:45.404  INFO 15164 --- [main] com.wx.xcx.XcxApplication                : No active profile set, falling back to default profiles: default
2020-08-17 22:23:47.395 ERROR 15164 --- [main] o.a.catalina.core.AprLifecycleListener   : An incompatible version [1.2.8] of the Apache Tomcat Native library is installed, while Tomcat requires version [1.2.14]
2020-08-17 22:23:47.603 ERROR 15164 --- [main] o.a.catalina.core.AprLifecycleListener   : An incompatible version [1.2.8] of the Apache Tomcat Native library is installed, while Tomcat requires version [1.2.14]
2020-08-17 22:23:47.711  INFO 15164 --- [main] o.s.b.w.embedded.tomcat.TomcatWebServer  : Tomcat initialized with port(s): 9797 (http)
2020-08-17 22:23:47.723 ERROR 15164 --- [main] o.a.catalina.core.AprLifecycleListener   : An incompatible version [1.2.8] of the Apache Tomcat Native library is installed, while Tomcat requires version [1.2.14]
2020-08-17 22:23:47.724  INFO 15164 --- [main] o.apache.catalina.core.StandardService   : Starting service [Tomcat]
2020-08-17 22:23:47.724  INFO 15164 --- [main] org.apache.catalina.core.StandardEngine  : Starting Servlet engine: [Apache Tomcat/9.0.35]
2020-08-17 22:23:47.846  INFO 15164 --- [main] o.a.c.c.C.[Tomcat].[localhost].[/]       : Initializing Spring embedded WebApplicationContext
2020-08-17 22:23:47.847  INFO 15164 --- [main] o.s.web.context.ContextLoader            : Root WebApplicationContext: initialization completed in 2324 ms
2020-08-17 22:23:49.547  INFO 15164 --- [main] pertySourcedRequestMappingHandlerMapping : Mapped URL path [/v2/api-docs] onto method [springfox.documentation.swagger2.web.Swagger2Controller#getDocumentation(String, HttpServletRequest)]
2020-08-17 22:23:49.632  INFO 15164 --- [main] o.s.s.concurrent.ThreadPoolTaskExecutor  : Initializing ExecutorService 'applicationTaskExecutor'
2020-08-17 22:23:49.846  INFO 15164 --- [main] o.s.b.w.embedded.tomcat.TomcatWebServer  : Tomcat started on port(s): 9797 (http) with context path ''
2020-08-17 22:23:49.848  INFO 15164 --- [main] d.s.w.p.DocumentationPluginsBootstrapper : Context refreshed
2020-08-17 22:23:49.868  INFO 15164 --- [main] d.s.w.p.DocumentationPluginsBootstrapper : Found 1 custom documentation plugin(s)
2020-08-17 22:23:49.914  INFO 15164 --- [main] s.d.s.w.s.ApiListingReferenceScanner     : Scanning for api listing references
2020-08-17 22:23:50.173  INFO 15164 --- [main] .d.s.w.r.o.CachingOperationNameGenerator : Generating unique operation named: testUsingPOST_1
2020-08-17 22:23:50.210  INFO 15164 --- [main] com.wx.xcx.XcxApplication                : Started XcxApplication in 6.1 seconds (JVM running for 8.134)
2020-08-17 22:23:50.214  INFO 15164 --- [main] com.wx.xcx.XcxApplication                : 项目加载完毕
2020-08-17 22:23:54.718  INFO 15164 --- [http-nio-9797-exec-1] o.a.c.c.C.[Tomcat].[localhost].[/]       : Initializing Spring DispatcherServlet 'dispatcherServlet'
2020-08-17 22:23:54.719  INFO 15164 --- [http-nio-9797-exec-1] o.s.web.servlet.DispatcherServlet        : Initializing Servlet 'dispatcherServlet'
2020-08-17 22:23:54.734  INFO 15164 --- [http-nio-9797-exec-1] o.s.web.servlet.DispatcherServlet        : Completed initialization in 15 ms
2020-08-17 22:23:54.821  INFO 15164 --- [http-nio-9797-exec-1] com.zaxxer.hikari.HikariDataSource       : DateSourceHikariCP - Starting...
2020-08-17 22:23:54.988  INFO 15164 --- [http-nio-9797-exec-1] com.zaxxer.hikari.HikariDataSource       : DateSourceHikariCP - Start completed.
2020-08-17 22:23:54.999 DEBUG 15164 --- [http-nio-9797-exec-1] c.w.x.m.SecondHandHouseMapper.houseList  : ==>  Preparing: select h.h_id, h.h_address, h.h_phone,h.h_type, h.h_people, h.h_content, h.h_time, h.h_img, h.h_status, h.h_money,t.hou_id,t.hop_value from second_hand_house h left join house_type t on h.h_type = t.hou_id 
2020-08-17 22:23:55.031 DEBUG 15164 --- [http-nio-9797-exec-1] c.w.x.m.SecondHandHouseMapper.houseList  : ==> Parameters: 
2020-08-17 22:23:55.061 DEBUG 15164 --- [http-nio-9797-exec-1] c.w.x.m.SecondHandHouseMapper.houseList  : <==      Total: 2
2020-08-17 22:24:21.677 DEBUG 15164 --- [http-nio-9797-exec-2] c.w.x.m.SecondHandCarMapper.carList      : ==>  Preparing: select s.car_id, s.car_age, s.car_type, s.car_kilometre, s.car_phone, s.car_people, s.car_time, s.car_img, s.car_status, s.car_original_price, s.car_now_price , c.car_type_id,c.car_type_value from second_hand_car s left join car_type c on s.car_type=c.car_type_id and s.car_type=? 
2020-08-17 22:24:21.678 DEBUG 15164 --- [http-nio-9797-exec-2] c.w.x.m.SecondHandCarMapper.carList      : ==> Parameters: 1(Integer)
2020-08-17 22:24:21.690 DEBUG 15164 --- [http-nio-9797-exec-2] c.w.x.m.SecondHandCarMapper.carList      : <==      Total: 2
2020-08-17 22:24:44.192 DEBUG 15164 --- [http-nio-9797-exec-3] c.w.x.m.SecondHandHouseMapper.houseList  : ==>  Preparing: select h.h_id, h.h_address, h.h_phone,h.h_type, h.h_people, h.h_content, h.h_time, h.h_img, h.h_status, h.h_money,t.hou_id,t.hop_value from second_hand_house h left join house_type t on h.h_type = t.hou_id 
2020-08-17 22:24:44.193 DEBUG 15164 --- [http-nio-9797-exec-3] c.w.x.m.SecondHandHouseMapper.houseList  : ==> Parameters: 
2020-08-17 22:24:44.196 DEBUG 15164 --- [http-nio-9797-exec-3] c.w.x.m.SecondHandHouseMapper.houseList  : <==      Total: 2
2020-08-17 22:24:52.094 DEBUG 15164 --- [http-nio-9797-exec-4] c.w.x.m.SecondHandHouseMapper.houseList  : ==>  Preparing: select h.h_id, h.h_address, h.h_phone,h.h_type, h.h_people, h.h_content, h.h_time, h.h_img, h.h_status, h.h_money,t.hou_id,t.hop_value from second_hand_house h left join house_type t on h.h_type = t.hou_id 
2020-08-17 22:24:52.095 DEBUG 15164 --- [http-nio-9797-exec-4] c.w.x.m.SecondHandHouseMapper.houseList  : ==> Parameters: 
2020-08-17 22:24:52.099 DEBUG 15164 --- [http-nio-9797-exec-4] c.w.x.m.SecondHandHouseMapper.houseList  : <==      Total: 2
2020-08-17 22:25:28.117 DEBUG 15164 --- [http-nio-9797-exec-6] c.w.x.m.SecondHandHouseMapper.houseList  : ==>  Preparing: select h.h_id, h.h_address, h.h_phone,h.h_type, h.h_people, h.h_content, h.h_time, h.h_img, h.h_status, h.h_money,t.hou_id,t.hop_value from second_hand_house h left join house_type t on h.h_type = t.hou_id and h.h_type=? 
2020-08-17 22:25:28.117 DEBUG 15164 --- [http-nio-9797-exec-6] c.w.x.m.SecondHandHouseMapper.houseList  : ==> Parameters: 1(Integer)
2020-08-17 22:25:28.120 DEBUG 15164 --- [http-nio-9797-exec-6] c.w.x.m.SecondHandHouseMapper.houseList  : <==      Total: 2
2020-08-17 22:27:14.685  INFO 17920 --- [main] com.wx.xcx.XcxApplication                : Starting XcxApplication on DESKTOP-8NN5IVC with PID 17920 (C:\Users\48738\Desktop\xcx\target\classes started by 48738 in C:\Users\48738\Desktop\xcx)
2020-08-17 22:27:14.693  INFO 17920 --- [main] com.wx.xcx.XcxApplication                : No active profile set, falling back to default profiles: default
2020-08-17 22:27:16.900 ERROR 17920 --- [main] o.a.catalina.core.AprLifecycleListener   : An incompatible version [1.2.8] of the Apache Tomcat Native library is installed, while Tomcat requires version [1.2.14]
2020-08-17 22:27:17.060 ERROR 17920 --- [main] o.a.catalina.core.AprLifecycleListener   : An incompatible version [1.2.8] of the Apache Tomcat Native library is installed, while Tomcat requires version [1.2.14]
2020-08-17 22:27:17.157  INFO 17920 --- [main] o.s.b.w.embedded.tomcat.TomcatWebServer  : Tomcat initialized with port(s): 9797 (http)
2020-08-17 22:27:17.169 ERROR 17920 --- [main] o.a.catalina.core.AprLifecycleListener   : An incompatible version [1.2.8] of the Apache Tomcat Native library is installed, while Tomcat requires version [1.2.14]
2020-08-17 22:27:17.170  INFO 17920 --- [main] o.apache.catalina.core.StandardService   : Starting service [Tomcat]
2020-08-17 22:27:17.170  INFO 17920 --- [main] org.apache.catalina.core.StandardEngine  : Starting Servlet engine: [Apache Tomcat/9.0.35]
2020-08-17 22:27:17.285  INFO 17920 --- [main] o.a.c.c.C.[Tomcat].[localhost].[/]       : Initializing Spring embedded WebApplicationContext
2020-08-17 22:27:17.285  INFO 17920 --- [main] o.s.web.context.ContextLoader            : Root WebApplicationContext: initialization completed in 2413 ms
2020-08-17 22:27:19.009  INFO 17920 --- [main] pertySourcedRequestMappingHandlerMapping : Mapped URL path [/v2/api-docs] onto method [springfox.documentation.swagger2.web.Swagger2Controller#getDocumentation(String, HttpServletRequest)]
2020-08-17 22:27:19.100  INFO 17920 --- [main] o.s.s.concurrent.ThreadPoolTaskExecutor  : Initializing ExecutorService 'applicationTaskExecutor'
2020-08-17 22:27:19.320  INFO 17920 --- [main] o.s.b.w.embedded.tomcat.TomcatWebServer  : Tomcat started on port(s): 9797 (http) with context path ''
2020-08-17 22:27:19.321  INFO 17920 --- [main] d.s.w.p.DocumentationPluginsBootstrapper : Context refreshed
2020-08-17 22:27:19.341  INFO 17920 --- [main] d.s.w.p.DocumentationPluginsBootstrapper : Found 1 custom documentation plugin(s)
2020-08-17 22:27:19.389  INFO 17920 --- [main] s.d.s.w.s.ApiListingReferenceScanner     : Scanning for api listing references
2020-08-17 22:27:19.643  INFO 17920 --- [main] .d.s.w.r.o.CachingOperationNameGenerator : Generating unique operation named: testUsingPOST_1
2020-08-17 22:27:19.681  INFO 17920 --- [main] com.wx.xcx.XcxApplication                : Started XcxApplication in 6.177 seconds (JVM running for 7.934)
2020-08-17 22:27:19.684  INFO 17920 --- [main] com.wx.xcx.XcxApplication                : 项目加载完毕
2020-08-17 22:27:23.767  INFO 17920 --- [http-nio-9797-exec-1] o.a.c.c.C.[Tomcat].[localhost].[/]       : Initializing Spring DispatcherServlet 'dispatcherServlet'
2020-08-17 22:27:23.768  INFO 17920 --- [http-nio-9797-exec-1] o.s.web.servlet.DispatcherServlet        : Initializing Servlet 'dispatcherServlet'
2020-08-17 22:27:23.781  INFO 17920 --- [http-nio-9797-exec-1] o.s.web.servlet.DispatcherServlet        : Completed initialization in 12 ms
2020-08-17 22:27:23.869  INFO 17920 --- [http-nio-9797-exec-1] com.zaxxer.hikari.HikariDataSource       : DateSourceHikariCP - Starting...
2020-08-17 22:27:24.047  INFO 17920 --- [http-nio-9797-exec-1] com.zaxxer.hikari.HikariDataSource       : DateSourceHikariCP - Start completed.
2020-08-17 22:27:24.055 DEBUG 17920 --- [http-nio-9797-exec-1] c.w.x.m.SecondHandHouseMapper.houseList  : ==>  Preparing: select h.h_id, h.h_address, h.h_phone,h.h_type, h.h_people, h.h_content, h.h_time, h.h_img, h.h_status, h.h_money,t.hou_id,t.hop_value from second_hand_house h left join house_type t on h.h_type = t.hou_id and h.h_type=? and t.hou_id!=null 
2020-08-17 22:27:24.087 DEBUG 17920 --- [http-nio-9797-exec-1] c.w.x.m.SecondHandHouseMapper.houseList  : ==> Parameters: 1(Integer)
2020-08-17 22:27:24.137 DEBUG 17920 --- [http-nio-9797-exec-1] c.w.x.m.SecondHandHouseMapper.houseList  : <==      Total: 2
2020-08-17 22:28:43.712  INFO 13684 --- [main] com.wx.xcx.XcxApplication                : Starting XcxApplication on DESKTOP-8NN5IVC with PID 13684 (C:\Users\48738\Desktop\xcx\target\classes started by 48738 in C:\Users\48738\Desktop\xcx)
2020-08-17 22:28:43.716  INFO 13684 --- [main] com.wx.xcx.XcxApplication                : No active profile set, falling back to default profiles: default
2020-08-17 22:28:45.631 ERROR 13684 --- [main] o.a.catalina.core.AprLifecycleListener   : An incompatible version [1.2.8] of the Apache Tomcat Native library is installed, while Tomcat requires version [1.2.14]
2020-08-17 22:28:45.810 ERROR 13684 --- [main] o.a.catalina.core.AprLifecycleListener   : An incompatible version [1.2.8] of the Apache Tomcat Native library is installed, while Tomcat requires version [1.2.14]
2020-08-17 22:28:45.916  INFO 13684 --- [main] o.s.b.w.embedded.tomcat.TomcatWebServer  : Tomcat initialized with port(s): 9797 (http)
2020-08-17 22:28:45.929 ERROR 13684 --- [main] o.a.catalina.core.AprLifecycleListener   : An incompatible version [1.2.8] of the Apache Tomcat Native library is installed, while Tomcat requires version [1.2.14]
2020-08-17 22:28:45.930  INFO 13684 --- [main] o.apache.catalina.core.StandardService   : Starting service [Tomcat]
2020-08-17 22:28:45.931  INFO 13684 --- [main] org.apache.catalina.core.StandardEngine  : Starting Servlet engine: [Apache Tomcat/9.0.35]
2020-08-17 22:28:46.049  INFO 13684 --- [main] o.a.c.c.C.[Tomcat].[localhost].[/]       : Initializing Spring embedded WebApplicationContext
2020-08-17 22:28:46.050  INFO 13684 --- [main] o.s.web.context.ContextLoader            : Root WebApplicationContext: initialization completed in 2238 ms
2020-08-17 22:28:47.822  INFO 13684 --- [main] pertySourcedRequestMappingHandlerMapping : Mapped URL path [/v2/api-docs] onto method [springfox.documentation.swagger2.web.Swagger2Controller#getDocumentation(String, HttpServletRequest)]
2020-08-17 22:28:47.978  INFO 13684 --- [main] o.s.s.concurrent.ThreadPoolTaskExecutor  : Initializing ExecutorService 'applicationTaskExecutor'
2020-08-17 22:28:48.299  INFO 13684 --- [main] o.s.b.w.embedded.tomcat.TomcatWebServer  : Tomcat started on port(s): 9797 (http) with context path ''
2020-08-17 22:28:48.300  INFO 13684 --- [main] d.s.w.p.DocumentationPluginsBootstrapper : Context refreshed
2020-08-17 22:28:48.320  INFO 13684 --- [main] d.s.w.p.DocumentationPluginsBootstrapper : Found 1 custom documentation plugin(s)
2020-08-17 22:28:48.386  INFO 13684 --- [main] s.d.s.w.s.ApiListingReferenceScanner     : Scanning for api listing references
2020-08-17 22:28:48.676  INFO 13684 --- [main] .d.s.w.r.o.CachingOperationNameGenerator : Generating unique operation named: testUsingPOST_1
2020-08-17 22:28:48.723  INFO 13684 --- [main] com.wx.xcx.XcxApplication                : Started XcxApplication in 5.97 seconds (JVM running for 7.606)
2020-08-17 22:28:48.727  INFO 13684 --- [main] com.wx.xcx.XcxApplication                : 项目加载完毕
2020-08-17 22:28:51.680  INFO 13684 --- [http-nio-9797-exec-1] o.a.c.c.C.[Tomcat].[localhost].[/]       : Initializing Spring DispatcherServlet 'dispatcherServlet'
2020-08-17 22:28:51.680  INFO 13684 --- [http-nio-9797-exec-1] o.s.web.servlet.DispatcherServlet        : Initializing Servlet 'dispatcherServlet'
2020-08-17 22:28:51.693  INFO 13684 --- [http-nio-9797-exec-1] o.s.web.servlet.DispatcherServlet        : Completed initialization in 12 ms
2020-08-17 22:28:51.781  INFO 13684 --- [http-nio-9797-exec-1] com.zaxxer.hikari.HikariDataSource       : DateSourceHikariCP - Starting...
2020-08-17 22:28:51.960  INFO 13684 --- [http-nio-9797-exec-1] com.zaxxer.hikari.HikariDataSource       : DateSourceHikariCP - Start completed.
2020-08-17 22:28:51.970 DEBUG 13684 --- [http-nio-9797-exec-1] c.w.x.m.SecondHandHouseMapper.houseList  : ==>  Preparing: select h.h_id, h.h_address, h.h_phone,h.h_type, h.h_people, h.h_content, h.h_time, h.h_img, h.h_status, h.h_money,t.hou_id,t.hop_value from second_hand_house h , house_type t and h.h_type = t.hou_id and h.h_type=? 
2020-08-17 22:28:52.003 DEBUG 13684 --- [http-nio-9797-exec-1] c.w.x.m.SecondHandHouseMapper.houseList  : ==> Parameters: 1(Integer)
2020-08-17 22:28:52.125 ERROR 13684 --- [http-nio-9797-exec-1] o.a.c.c.C.[.[.[/].[dispatcherServlet]    : Servlet.service() for servlet [dispatcherServlet] in context with path [] threw exception [Request processing failed; nested exception is org.springframework.jdbc.BadSqlGrammarException: 
### Error querying database.  Cause: java.sql.SQLSyntaxErrorException: You have an error in your SQL syntax; check the manual that corresponds to your MySQL server version for the right syntax to use near 'and h.h_type = t.hou_id
         
            and h.h_type=1' at line 5
### The error may exist in file [C:\Users\48738\Desktop\xcx\target\classes\mapping\SecondHandHouseMapper.xml]
### The error may involve defaultParameterMap
### The error occurred while setting parameters
### SQL: select h.h_id, h.h_address, h.h_phone,h.h_type,         h.h_people, h.h_content, h.h_time,         h.h_img, h.h_status, h.h_money,t.hou_id,t.hop_value         from second_hand_house h , house_type t         and h.h_type = t.hou_id                       and h.h_type=?
### Cause: java.sql.SQLSyntaxErrorException: You have an error in your SQL syntax; check the manual that corresponds to your MySQL server version for the right syntax to use near 'and h.h_type = t.hou_id
         
            and h.h_type=1' at line 5
; bad SQL grammar []; nested exception is java.sql.SQLSyntaxErrorException: You have an error in your SQL syntax; check the manual that corresponds to your MySQL server version for the right syntax to use near 'and h.h_type = t.hou_id
         
            and h.h_type=1' at line 5] with root cause

java.sql.SQLSyntaxErrorException: You have an error in your SQL syntax; check the manual that corresponds to your MySQL server version for the right syntax to use near 'and h.h_type = t.hou_id
         
            and h.h_type=1' at line 5
	at com.mysql.cj.jdbc.exceptions.SQLError.createSQLException(SQLError.java:120) ~[mysql-connector-java-8.0.20.jar:8.0.20]
	at com.mysql.cj.jdbc.exceptions.SQLError.createSQLException(SQLError.java:97) ~[mysql-connector-java-8.0.20.jar:8.0.20]
	at com.mysql.cj.jdbc.exceptions.SQLExceptionsMapping.translateException(SQLExceptionsMapping.java:122) ~[mysql-connector-java-8.0.20.jar:8.0.20]
	at com.mysql.cj.jdbc.ClientPreparedStatement.executeInternal(ClientPreparedStatement.java:953) ~[mysql-connector-java-8.0.20.jar:8.0.20]
	at com.mysql.cj.jdbc.ClientPreparedStatement.execute(ClientPreparedStatement.java:370) ~[mysql-connector-java-8.0.20.jar:8.0.20]
	at com.zaxxer.hikari.pool.ProxyPreparedStatement.execute(ProxyPreparedStatement.java:44) ~[HikariCP-3.4.5.jar:na]
	at com.zaxxer.hikari.pool.HikariProxyPreparedStatement.execute(HikariProxyPreparedStatement.java) ~[HikariCP-3.4.5.jar:na]
	at sun.reflect.NativeMethodAccessorImpl.invoke0(Native Method) ~[na:1.8.0_171]
	at sun.reflect.NativeMethodAccessorImpl.invoke(NativeMethodAccessorImpl.java:62) ~[na:1.8.0_171]
	at sun.reflect.DelegatingMethodAccessorImpl.invoke(DelegatingMethodAccessorImpl.java:43) ~[na:1.8.0_171]
	at java.lang.reflect.Method.invoke(Method.java:498) ~[na:1.8.0_171]
	at org.apache.ibatis.logging.jdbc.PreparedStatementLogger.invoke(PreparedStatementLogger.java:59) ~[mybatis-3.5.3.jar:3.5.3]
	at com.sun.proxy.$Proxy97.execute(Unknown Source) ~[na:na]
	at org.apache.ibatis.executor.statement.PreparedStatementHandler.query(PreparedStatementHandler.java:64) ~[mybatis-3.5.3.jar:3.5.3]
	at org.apache.ibatis.executor.statement.RoutingStatementHandler.query(RoutingStatementHandler.java:79) ~[mybatis-3.5.3.jar:3.5.3]
	at org.apache.ibatis.executor.SimpleExecutor.doQuery(SimpleExecutor.java:63) ~[mybatis-3.5.3.jar:3.5.3]
	at org.apache.ibatis.executor.BaseExecutor.queryFromDatabase(BaseExecutor.java:324) ~[mybatis-3.5.3.jar:3.5.3]
	at org.apache.ibatis.executor.BaseExecutor.query(BaseExecutor.java:156) ~[mybatis-3.5.3.jar:3.5.3]
	at org.apache.ibatis.executor.CachingExecutor.query(CachingExecutor.java:109) ~[mybatis-3.5.3.jar:3.5.3]
	at org.apache.ibatis.executor.CachingExecutor.query(CachingExecutor.java:83) ~[mybatis-3.5.3.jar:3.5.3]
	at org.apache.ibatis.session.defaults.DefaultSqlSession.selectList(DefaultSqlSession.java:147) ~[mybatis-3.5.3.jar:3.5.3]
	at org.apache.ibatis.session.defaults.DefaultSqlSession.selectList(DefaultSqlSession.java:140) ~[mybatis-3.5.3.jar:3.5.3]
	at sun.reflect.NativeMethodAccessorImpl.invoke0(Native Method) ~[na:1.8.0_171]
	at sun.reflect.NativeMethodAccessorImpl.invoke(NativeMethodAccessorImpl.java:62) ~[na:1.8.0_171]
	at sun.reflect.DelegatingMethodAccessorImpl.invoke(DelegatingMethodAccessorImpl.java:43) ~[na:1.8.0_171]
	at java.lang.reflect.Method.invoke(Method.java:498) ~[na:1.8.0_171]
	at org.mybatis.spring.SqlSessionTemplate$SqlSessionInterceptor.invoke(SqlSessionTemplate.java:426) ~[mybatis-spring-2.0.3.jar:2.0.3]
	at com.sun.proxy.$Proxy70.selectList(Unknown Source) ~[na:na]
	at org.mybatis.spring.SqlSessionTemplate.selectList(SqlSessionTemplate.java:223) ~[mybatis-spring-2.0.3.jar:2.0.3]
	at org.apache.ibatis.binding.MapperMethod.executeForMany(MapperMethod.java:147) ~[mybatis-3.5.3.jar:3.5.3]
	at org.apache.ibatis.binding.MapperMethod.execute(MapperMethod.java:80) ~[mybatis-3.5.3.jar:3.5.3]
	at org.apache.ibatis.binding.MapperProxy.invoke(MapperProxy.java:93) ~[mybatis-3.5.3.jar:3.5.3]
	at com.sun.proxy.$Proxy75.houseList(Unknown Source) ~[na:na]
	at com.wx.xcx.service.impl.SecondHandHouseServiceImpl.houseList(SecondHandHouseServiceImpl.java:36) ~[classes/:na]
	at com.wx.xcx.controller.SecondHandHouseController.houseList(SecondHandHouseController.java:54) ~[classes/:na]
	at sun.reflect.NativeMethodAccessorImpl.invoke0(Native Method) ~[na:1.8.0_171]
	at sun.reflect.NativeMethodAccessorImpl.invoke(NativeMethodAccessorImpl.java:62) ~[na:1.8.0_171]
	at sun.reflect.DelegatingMethodAccessorImpl.invoke(DelegatingMethodAccessorImpl.java:43) ~[na:1.8.0_171]
	at java.lang.reflect.Method.invoke(Method.java:498) ~[na:1.8.0_171]
	at org.springframework.web.method.support.InvocableHandlerMethod.doInvoke(InvocableHandlerMethod.java:190) ~[spring-web-5.2.6.RELEASE.jar:5.2.6.RELEASE]
	at org.springframework.web.method.support.InvocableHandlerMethod.invokeForRequest(InvocableHandlerMethod.java:138) ~[spring-web-5.2.6.RELEASE.jar:5.2.6.RELEASE]
	at org.springframework.web.servlet.mvc.method.annotation.ServletInvocableHandlerMethod.invokeAndHandle(ServletInvocableHandlerMethod.java:105) ~[spring-webmvc-5.2.6.RELEASE.jar:5.2.6.RELEASE]
	at org.springframework.web.servlet.mvc.method.annotation.RequestMappingHandlerAdapter.invokeHandlerMethod(RequestMappingHandlerAdapter.java:879) ~[spring-webmvc-5.2.6.RELEASE.jar:5.2.6.RELEASE]
	at org.springframework.web.servlet.mvc.method.annotation.RequestMappingHandlerAdapter.handleInternal(RequestMappingHandlerAdapter.java:793) ~[spring-webmvc-5.2.6.RELEASE.jar:5.2.6.RELEASE]
	at org.springframework.web.servlet.mvc.method.AbstractHandlerMethodAdapter.handle(AbstractHandlerMethodAdapter.java:87) ~[spring-webmvc-5.2.6.RELEASE.jar:5.2.6.RELEASE]
	at org.springframework.web.servlet.DispatcherServlet.doDispatch(DispatcherServlet.java:1040) ~[spring-webmvc-5.2.6.RELEASE.jar:5.2.6.RELEASE]
	at org.springframework.web.servlet.DispatcherServlet.doService(DispatcherServlet.java:943) ~[spring-webmvc-5.2.6.RELEASE.jar:5.2.6.RELEASE]
	at org.springframework.web.servlet.FrameworkServlet.processRequest(FrameworkServlet.java:1006) ~[spring-webmvc-5.2.6.RELEASE.jar:5.2.6.RELEASE]
	at org.springframework.web.servlet.FrameworkServlet.doGet(FrameworkServlet.java:898) ~[spring-webmvc-5.2.6.RELEASE.jar:5.2.6.RELEASE]
	at javax.servlet.http.HttpServlet.service(HttpServlet.java:634) ~[tomcat-embed-core-9.0.35.jar:9.0.35]
	at org.springframework.web.servlet.FrameworkServlet.service(FrameworkServlet.java:883) ~[spring-webmvc-5.2.6.RELEASE.jar:5.2.6.RELEASE]
	at javax.servlet.http.HttpServlet.service(HttpServlet.java:741) ~[tomcat-embed-core-9.0.35.jar:9.0.35]
	at org.apache.catalina.core.ApplicationFilterChain.internalDoFilter(ApplicationFilterChain.java:231) ~[tomcat-embed-core-9.0.35.jar:9.0.35]
	at org.apache.catalina.core.ApplicationFilterChain.doFilter(ApplicationFilterChain.java:166) ~[tomcat-embed-core-9.0.35.jar:9.0.35]
	at org.apache.tomcat.websocket.server.WsFilter.doFilter(WsFilter.java:53) ~[tomcat-embed-websocket-9.0.35.jar:9.0.35]
	at org.apache.catalina.core.ApplicationFilterChain.internalDoFilter(ApplicationFilterChain.java:193) ~[tomcat-embed-core-9.0.35.jar:9.0.35]
	at org.apache.catalina.core.ApplicationFilterChain.doFilter(ApplicationFilterChain.java:166) ~[tomcat-embed-core-9.0.35.jar:9.0.35]
	at org.springframework.web.filter.RequestContextFilter.doFilterInternal(RequestContextFilter.java:100) ~[spring-web-5.2.6.RELEASE.jar:5.2.6.RELEASE]
	at org.springframework.web.filter.OncePerRequestFilter.doFilter(OncePerRequestFilter.java:119) ~[spring-web-5.2.6.RELEASE.jar:5.2.6.RELEASE]
	at org.apache.catalina.core.ApplicationFilterChain.internalDoFilter(ApplicationFilterChain.java:193) ~[tomcat-embed-core-9.0.35.jar:9.0.35]
	at org.apache.catalina.core.ApplicationFilterChain.doFilter(ApplicationFilterChain.java:166) ~[tomcat-embed-core-9.0.35.jar:9.0.35]
	at org.springframework.web.filter.FormContentFilter.doFilterInternal(FormContentFilter.java:93) ~[spring-web-5.2.6.RELEASE.jar:5.2.6.RELEASE]
	at org.springframework.web.filter.OncePerRequestFilter.doFilter(OncePerRequestFilter.java:119) ~[spring-web-5.2.6.RELEASE.jar:5.2.6.RELEASE]
	at org.apache.catalina.core.ApplicationFilterChain.internalDoFilter(ApplicationFilterChain.java:193) ~[tomcat-embed-core-9.0.35.jar:9.0.35]
	at org.apache.catalina.core.ApplicationFilterChain.doFilter(ApplicationFilterChain.java:166) ~[tomcat-embed-core-9.0.35.jar:9.0.35]
	at org.springframework.web.filter.CharacterEncodingFilter.doFilterInternal(CharacterEncodingFilter.java:201) ~[spring-web-5.2.6.RELEASE.jar:5.2.6.RELEASE]
	at org.springframework.web.filter.OncePerRequestFilter.doFilter(OncePerRequestFilter.java:119) ~[spring-web-5.2.6.RELEASE.jar:5.2.6.RELEASE]
	at org.apache.catalina.core.ApplicationFilterChain.internalDoFilter(ApplicationFilterChain.java:193) ~[tomcat-embed-core-9.0.35.jar:9.0.35]
	at org.apache.catalina.core.ApplicationFilterChain.doFilter(ApplicationFilterChain.java:166) ~[tomcat-embed-core-9.0.35.jar:9.0.35]
	at org.apache.catalina.core.StandardWrapperValve.invoke(StandardWrapperValve.java:202) ~[tomcat-embed-core-9.0.35.jar:9.0.35]
	at org.apache.catalina.core.StandardContextValve.invoke(StandardContextValve.java:96) [tomcat-embed-core-9.0.35.jar:9.0.35]
	at org.apache.catalina.authenticator.AuthenticatorBase.invoke(AuthenticatorBase.java:541) [tomcat-embed-core-9.0.35.jar:9.0.35]
	at org.apache.catalina.core.StandardHostValve.invoke(StandardHostValve.java:139) [tomcat-embed-core-9.0.35.jar:9.0.35]
	at org.apache.catalina.valves.ErrorReportValve.invoke(ErrorReportValve.java:92) [tomcat-embed-core-9.0.35.jar:9.0.35]
	at org.apache.catalina.core.StandardEngineValve.invoke(StandardEngineValve.java:74) [tomcat-embed-core-9.0.35.jar:9.0.35]
	at org.apache.catalina.connector.CoyoteAdapter.service(CoyoteAdapter.java:343) [tomcat-embed-core-9.0.35.jar:9.0.35]
	at org.apache.coyote.http11.Http11Processor.service(Http11Processor.java:373) [tomcat-embed-core-9.0.35.jar:9.0.35]
	at org.apache.coyote.AbstractProcessorLight.process(AbstractProcessorLight.java:65) [tomcat-embed-core-9.0.35.jar:9.0.35]
	at org.apache.coyote.AbstractProtocol$ConnectionHandler.process(AbstractProtocol.java:868) [tomcat-embed-core-9.0.35.jar:9.0.35]
	at org.apache.tomcat.util.net.NioEndpoint$SocketProcessor.doRun(NioEndpoint.java:1590) [tomcat-embed-core-9.0.35.jar:9.0.35]
	at org.apache.tomcat.util.net.SocketProcessorBase.run(SocketProcessorBase.java:49) [tomcat-embed-core-9.0.35.jar:9.0.35]
	at java.util.concurrent.ThreadPoolExecutor.runWorker(ThreadPoolExecutor.java:1149) [na:1.8.0_171]
	at java.util.concurrent.ThreadPoolExecutor$Worker.run(ThreadPoolExecutor.java:624) [na:1.8.0_171]
	at org.apache.tomcat.util.threads.TaskThread$WrappingRunnable.run(TaskThread.java:61) [tomcat-embed-core-9.0.35.jar:9.0.35]
	at java.lang.Thread.run(Thread.java:748) [na:1.8.0_171]

2020-08-17 22:29:30.505  INFO 6412 --- [main] com.wx.xcx.XcxApplication                : Starting XcxApplication on DESKTOP-8NN5IVC with PID 6412 (C:\Users\48738\Desktop\xcx\target\classes started by 48738 in C:\Users\48738\Desktop\xcx)
2020-08-17 22:29:30.508  INFO 6412 --- [main] com.wx.xcx.XcxApplication                : No active profile set, falling back to default profiles: default
2020-08-17 22:29:32.629 ERROR 6412 --- [main] o.a.catalina.core.AprLifecycleListener   : An incompatible version [1.2.8] of the Apache Tomcat Native library is installed, while Tomcat requires version [1.2.14]
2020-08-17 22:29:32.874 ERROR 6412 --- [main] o.a.catalina.core.AprLifecycleListener   : An incompatible version [1.2.8] of the Apache Tomcat Native library is installed, while Tomcat requires version [1.2.14]
2020-08-17 22:29:32.991  INFO 6412 --- [main] o.s.b.w.embedded.tomcat.TomcatWebServer  : Tomcat initialized with port(s): 9797 (http)
2020-08-17 22:29:33.001 ERROR 6412 --- [main] o.a.catalina.core.AprLifecycleListener   : An incompatible version [1.2.8] of the Apache Tomcat Native library is installed, while Tomcat requires version [1.2.14]
2020-08-17 22:29:33.002  INFO 6412 --- [main] o.apache.catalina.core.StandardService   : Starting service [Tomcat]
2020-08-17 22:29:33.002  INFO 6412 --- [main] org.apache.catalina.core.StandardEngine  : Starting Servlet engine: [Apache Tomcat/9.0.35]
2020-08-17 22:29:33.130  INFO 6412 --- [main] o.a.c.c.C.[Tomcat].[localhost].[/]       : Initializing Spring embedded WebApplicationContext
2020-08-17 22:29:33.131  INFO 6412 --- [main] o.s.web.context.ContextLoader            : Root WebApplicationContext: initialization completed in 2505 ms
2020-08-17 22:29:35.006  INFO 6412 --- [main] pertySourcedRequestMappingHandlerMapping : Mapped URL path [/v2/api-docs] onto method [springfox.documentation.swagger2.web.Swagger2Controller#getDocumentation(String, HttpServletRequest)]
2020-08-17 22:29:35.108  INFO 6412 --- [main] o.s.s.concurrent.ThreadPoolTaskExecutor  : Initializing ExecutorService 'applicationTaskExecutor'
2020-08-17 22:29:35.338  INFO 6412 --- [main] o.s.b.w.embedded.tomcat.TomcatWebServer  : Tomcat started on port(s): 9797 (http) with context path ''
2020-08-17 22:29:35.340  INFO 6412 --- [main] d.s.w.p.DocumentationPluginsBootstrapper : Context refreshed
2020-08-17 22:29:35.359  INFO 6412 --- [main] d.s.w.p.DocumentationPluginsBootstrapper : Found 1 custom documentation plugin(s)
2020-08-17 22:29:35.410  INFO 6412 --- [main] s.d.s.w.s.ApiListingReferenceScanner     : Scanning for api listing references
2020-08-17 22:29:35.717  INFO 6412 --- [main] .d.s.w.r.o.CachingOperationNameGenerator : Generating unique operation named: testUsingPOST_1
2020-08-17 22:29:35.762  INFO 6412 --- [main] com.wx.xcx.XcxApplication                : Started XcxApplication in 6.548 seconds (JVM running for 8.327)
2020-08-17 22:29:35.766  INFO 6412 --- [main] com.wx.xcx.XcxApplication                : 项目加载完毕
2020-08-17 22:29:39.329  INFO 6412 --- [http-nio-9797-exec-1] o.a.c.c.C.[Tomcat].[localhost].[/]       : Initializing Spring DispatcherServlet 'dispatcherServlet'
2020-08-17 22:29:39.330  INFO 6412 --- [http-nio-9797-exec-1] o.s.web.servlet.DispatcherServlet        : Initializing Servlet 'dispatcherServlet'
2020-08-17 22:29:39.340  INFO 6412 --- [http-nio-9797-exec-1] o.s.web.servlet.DispatcherServlet        : Completed initialization in 10 ms
2020-08-17 22:29:39.425  INFO 6412 --- [http-nio-9797-exec-1] com.zaxxer.hikari.HikariDataSource       : DateSourceHikariCP - Starting...
2020-08-17 22:29:39.608  INFO 6412 --- [http-nio-9797-exec-1] com.zaxxer.hikari.HikariDataSource       : DateSourceHikariCP - Start completed.
2020-08-17 22:29:39.619 DEBUG 6412 --- [http-nio-9797-exec-1] c.w.x.m.SecondHandHouseMapper.houseList  : ==>  Preparing: select h.h_id, h.h_address, h.h_phone,h.h_type, h.h_people, h.h_content, h.h_time, h.h_img, h.h_status, h.h_money,t.hou_id,t.hop_value from second_hand_house h , house_type t where h.h_type = t.hou_id and h.h_type=? 
2020-08-17 22:29:39.651 DEBUG 6412 --- [http-nio-9797-exec-1] c.w.x.m.SecondHandHouseMapper.houseList  : ==> Parameters: 1(Integer)
2020-08-17 22:29:39.689 DEBUG 6412 --- [http-nio-9797-exec-1] c.w.x.m.SecondHandHouseMapper.houseList  : <==      Total: 1
2020-08-17 22:30:36.513  INFO 10456 --- [main] com.wx.xcx.XcxApplication                : Starting XcxApplication on DESKTOP-8NN5IVC with PID 10456 (C:\Users\48738\Desktop\xcx\target\classes started by 48738 in C:\Users\48738\Desktop\xcx)
2020-08-17 22:30:36.522  INFO 10456 --- [main] com.wx.xcx.XcxApplication                : No active profile set, falling back to default profiles: default
2020-08-17 22:30:38.500 ERROR 10456 --- [main] o.a.catalina.core.AprLifecycleListener   : An incompatible version [1.2.8] of the Apache Tomcat Native library is installed, while Tomcat requires version [1.2.14]
2020-08-17 22:30:38.661 ERROR 10456 --- [main] o.a.catalina.core.AprLifecycleListener   : An incompatible version [1.2.8] of the Apache Tomcat Native library is installed, while Tomcat requires version [1.2.14]
2020-08-17 22:30:38.761  INFO 10456 --- [main] o.s.b.w.embedded.tomcat.TomcatWebServer  : Tomcat initialized with port(s): 9797 (http)
2020-08-17 22:30:38.771 ERROR 10456 --- [main] o.a.catalina.core.AprLifecycleListener   : An incompatible version [1.2.8] of the Apache Tomcat Native library is installed, while Tomcat requires version [1.2.14]
2020-08-17 22:30:38.772  INFO 10456 --- [main] o.apache.catalina.core.StandardService   : Starting service [Tomcat]
2020-08-17 22:30:38.772  INFO 10456 --- [main] org.apache.catalina.core.StandardEngine  : Starting Servlet engine: [Apache Tomcat/9.0.35]
2020-08-17 22:30:38.879  INFO 10456 --- [main] o.a.c.c.C.[Tomcat].[localhost].[/]       : Initializing Spring embedded WebApplicationContext
2020-08-17 22:30:38.879  INFO 10456 --- [main] o.s.web.context.ContextLoader            : Root WebApplicationContext: initialization completed in 2159 ms
2020-08-17 22:30:40.542  INFO 10456 --- [main] pertySourcedRequestMappingHandlerMapping : Mapped URL path [/v2/api-docs] onto method [springfox.documentation.swagger2.web.Swagger2Controller#getDocumentation(String, HttpServletRequest)]
2020-08-17 22:30:40.635  INFO 10456 --- [main] o.s.s.concurrent.ThreadPoolTaskExecutor  : Initializing ExecutorService 'applicationTaskExecutor'
2020-08-17 22:30:40.855  INFO 10456 --- [main] o.s.b.w.embedded.tomcat.TomcatWebServer  : Tomcat started on port(s): 9797 (http) with context path ''
2020-08-17 22:30:40.857  INFO 10456 --- [main] d.s.w.p.DocumentationPluginsBootstrapper : Context refreshed
2020-08-17 22:30:40.874  INFO 10456 --- [main] d.s.w.p.DocumentationPluginsBootstrapper : Found 1 custom documentation plugin(s)
2020-08-17 22:30:40.927  INFO 10456 --- [main] s.d.s.w.s.ApiListingReferenceScanner     : Scanning for api listing references
2020-08-17 22:30:41.185  INFO 10456 --- [main] .d.s.w.r.o.CachingOperationNameGenerator : Generating unique operation named: testUsingPOST_1
2020-08-17 22:30:41.225  INFO 10456 --- [main] com.wx.xcx.XcxApplication                : Started XcxApplication in 6.151 seconds (JVM running for 8.475)
2020-08-17 22:30:41.228  INFO 10456 --- [main] com.wx.xcx.XcxApplication                : 项目加载完毕
2020-08-17 22:30:45.973  INFO 10456 --- [http-nio-9797-exec-1] o.a.c.c.C.[Tomcat].[localhost].[/]       : Initializing Spring DispatcherServlet 'dispatcherServlet'
2020-08-17 22:30:45.974  INFO 10456 --- [http-nio-9797-exec-1] o.s.web.servlet.DispatcherServlet        : Initializing Servlet 'dispatcherServlet'
2020-08-17 22:30:45.984  INFO 10456 --- [http-nio-9797-exec-1] o.s.web.servlet.DispatcherServlet        : Completed initialization in 10 ms
2020-08-17 22:30:46.070  INFO 10456 --- [http-nio-9797-exec-1] com.zaxxer.hikari.HikariDataSource       : DateSourceHikariCP - Starting...
2020-08-17 22:30:46.269  INFO 10456 --- [http-nio-9797-exec-1] com.zaxxer.hikari.HikariDataSource       : DateSourceHikariCP - Start completed.
2020-08-17 22:30:46.278 DEBUG 10456 --- [http-nio-9797-exec-1] c.w.x.m.SecondHandHouseMapper.houseList  : ==>  Preparing: select h.h_id, h.h_address, h.h_phone,h.h_type, h.h_people, h.h_content, h.h_time, h.h_img, h.h_status, h.h_money,t.hou_id,t.hop_value from second_hand_house h , house_type t where h.h_type = t.hou_id and h.h_type=? 
2020-08-17 22:30:46.312 DEBUG 10456 --- [http-nio-9797-exec-1] c.w.x.m.SecondHandHouseMapper.houseList  : ==> Parameters: 2(Integer)
2020-08-17 22:30:46.341 DEBUG 10456 --- [http-nio-9797-exec-1] c.w.x.m.SecondHandHouseMapper.houseList  : <==      Total: 1
2020-08-17 22:30:58.325 DEBUG 10456 --- [http-nio-9797-exec-2] c.w.x.m.SecondHandCarMapper.carList      : ==>  Preparing: select s.car_id, s.car_age, s.car_type, s.car_kilometre, s.car_phone, s.car_people, s.car_time, s.car_img, s.car_status, s.car_original_price, s.car_now_price , c.car_type_id,c.car_type_value from second_hand_car s , car_type c where s.car_type=c.car_type_id and s.car_type=? 
2020-08-17 22:30:58.326 DEBUG 10456 --- [http-nio-9797-exec-2] c.w.x.m.SecondHandCarMapper.carList      : ==> Parameters: 1(Integer)
2020-08-17 22:30:58.331 DEBUG 10456 --- [http-nio-9797-exec-2] c.w.x.m.SecondHandCarMapper.carList      : <==      Total: 1
2020-08-17 22:31:05.073 DEBUG 10456 --- [http-nio-9797-exec-3] c.w.x.m.SecondHandCarMapper.carList      : ==>  Preparing: select s.car_id, s.car_age, s.car_type, s.car_kilometre, s.car_phone, s.car_people, s.car_time, s.car_img, s.car_status, s.car_original_price, s.car_now_price , c.car_type_id,c.car_type_value from second_hand_car s , car_type c where s.car_type=c.car_type_id and s.car_type=? 
2020-08-17 22:31:05.074 DEBUG 10456 --- [http-nio-9797-exec-3] c.w.x.m.SecondHandCarMapper.carList      : ==> Parameters: 2(Integer)
2020-08-17 22:31:05.078 DEBUG 10456 --- [http-nio-9797-exec-3] c.w.x.m.SecondHandCarMapper.carList      : <==      Total: 1
2020-08-17 22:31:17.978 DEBUG 10456 --- [http-nio-9797-exec-4] c.w.x.mapper.RecruitMapper.recruitList   : ==>  Preparing: select r.z_id,r.z_work_content,r.z_type,r.z_work_requirement,r.z_time,r.z_work_phone,r.z_status,r.z_work_salary,r.z_work_email, r.z_work_address,r.z_work_period,w.work_type_id,w.work_type_value from recruit r , work_type w where r.z_type=w.work_type_id and w.work_type_id=? 
2020-08-17 22:31:17.978 DEBUG 10456 --- [http-nio-9797-exec-4] c.w.x.mapper.RecruitMapper.recruitList   : ==> Parameters: 1(Integer)
2020-08-17 22:31:17.986 DEBUG 10456 --- [http-nio-9797-exec-4] c.w.x.mapper.RecruitMapper.recruitList   : <==      Total: 1
2020-08-17 22:31:25.731 DEBUG 10456 --- [http-nio-9797-exec-5] c.w.x.mapper.RecruitMapper.recruitList   : ==>  Preparing: select r.z_id,r.z_work_content,r.z_type,r.z_work_requirement,r.z_time,r.z_work_phone,r.z_status,r.z_work_salary,r.z_work_email, r.z_work_address,r.z_work_period,w.work_type_id,w.work_type_value from recruit r , work_type w where r.z_type=w.work_type_id and w.work_type_id=? 
2020-08-17 22:31:25.732 DEBUG 10456 --- [http-nio-9797-exec-5] c.w.x.mapper.RecruitMapper.recruitList   : ==> Parameters: 2(Integer)
2020-08-17 22:31:25.736 DEBUG 10456 --- [http-nio-9797-exec-5] c.w.x.mapper.RecruitMapper.recruitList   : <==      Total: 2
2020-08-17 22:31:44.994 DEBUG 10456 --- [http-nio-9797-exec-6] c.w.x.m.S.houseDetail                    : ==>  Preparing: select h_id, h_address, h_phone, h_people, h_content, h_time, h_img, h_status, h_money from second_hand_house where h_id=? 
2020-08-17 22:31:44.995 DEBUG 10456 --- [http-nio-9797-exec-6] c.w.x.m.S.houseDetail                    : ==> Parameters: 1(Integer)
2020-08-17 22:31:44.997 DEBUG 10456 --- [http-nio-9797-exec-6] c.w.x.m.S.houseDetail                    : <==      Total: 1
2020-08-17 22:32:00.624 DEBUG 10456 --- [http-nio-9797-exec-7] c.w.x.m.SecondHandCarMapper.carDetail    : ==>  Preparing: select s.car_id, s.car_age, s.car_type, s.car_kilometre, s.car_phone, s.car_people, s.car_time, s.car_img, s.car_status, s.car_original_price, s.car_now_price , c.car_type_id,c.car_type_value from second_hand_car s,car_type c where s.car_type=c.car_type_id and s.car_id=? 
2020-08-17 22:32:00.625 DEBUG 10456 --- [http-nio-9797-exec-7] c.w.x.m.SecondHandCarMapper.carDetail    : ==> Parameters: 1(Integer)
2020-08-17 22:32:00.628 DEBUG 10456 --- [http-nio-9797-exec-7] c.w.x.m.SecondHandCarMapper.carDetail    : <==      Total: 1
